0 info it worked if it ends with ok
1 verbose cli [ '/usr/local/Cellar/node/6.5.0/bin/node',
1 verbose cli   '/usr/local/bin/npm',
1 verbose cli   '--registry=https://registry.npm.taobao.org',
1 verbose cli   '--cache=/Users/yangyafei/.npm/.cache/cnpm',
1 verbose cli   '--disturl=https://npm.taobao.org/dist',
1 verbose cli   '--userconfig=/Users/yangyafei/.cnpmrc',
1 verbose cli   'start',
1 verbose cli   'my-app' ]
2 info using npm@3.10.3
3 info using node@v6.5.0
4 verbose config Skipping project config: /Users/yangyafei/.npmrc. (matches userconfig)
5 verbose stack Error: ENOENT: no such file or directory, open '/Users/yangyafei/package.json'
5 verbose stack     at Error (native)
6 verbose cwd /Users/yangyafei/learn/react-basic
7 error Darwin 15.5.0
8 error argv "/usr/local/Cellar/node/6.5.0/bin/node" "/usr/local/bin/npm" "--registry=https://registry.npm.taobao.org" "--cache=/Users/yangyafei/.npm/.cache/cnpm" "--disturl=https://npm.taobao.org/dist" "--userconfig=/Users/yangyafei/.cnpmrc" "start" "my-app"
9 error node v6.5.0
10 error npm  v3.10.3
11 error path /Users/yangyafei/package.json
12 error code ENOENT
13 error errno -2
14 error syscall open
15 error enoent ENOENT: no such file or directory, open '/Users/yangyafei/package.json'
16 error enoent ENOENT: no such file or directory, open '/Users/yangyafei/package.json'
16 error enoent This is most likely not a problem with npm itself
16 error enoent and is related to npm not being able to find a file.
17 verbose exit [ -2, true ]
